<?xml version="1.0" encoding="UTF-8"?>
<Site BuildName="Win32-MSBuild"
	BuildStamp="20260319-1604-Experimental"
	Name="J4M3S"
	Generator="ctest-4.3.0"
	CompilerName="C:/Program Files (x86)/Microsoft Visual Studio/2022/BuildTools/VC/Tools/MSVC/14.43.34808/bin/Hostx64/x64/cl.exe"
	CompilerVersion="19.43.34808.0"
	OSName="Windows"
	Hostname="J4M3S"
	OSRelease="10.0.26200"
	OSVersion="Windows 10"
	OSPlatform="AMD64"
	Is64Bits="1"
	VendorString="GenuineIntel"
	VendorID="Intel Corporation"
	FamilyID="6"
	ModelID="5"
	ModelName=""
	ProcessorCacheSize="-1"
	NumberOfLogicalCPU="8"
	NumberOfPhysicalCPU="4"
	TotalVirtualMemory="22528"
	TotalPhysicalMemory="16160"
	LogicalProcessorsPerPhysical="2"
	ProcessorClockFrequency="2496.000000"
	>
	<Testing>
		<StartDateTime>Mar 19 16:05 GMT Standard Time</StartDateTime>
		<StartTestTime>1773936321</StartTestTime>
		<TestList/>
		<EndDateTime>Mar 19 16:05 GMT Standard Time</EndDateTime>
		<EndTestTime>1773936321</EndTestTime>
		<ElapsedMinutes>0</ElapsedMinutes>
	</Testing>
</Site>
