<?xml version="1.0" encoding="UTF-8"?>
<Site BuildName="Win32-mingw32-make"
	BuildStamp="20260319-1606-Experimental"
	Name="J4M3S"
	Generator="ctest-4.3.0"
	CompilerName="C:/msys64/ucrt64/bin/g++.exe"
	CompilerVersion="14.2.0"
	OSName="Windows"
	Hostname="J4M3S"
	OSRelease="10.0.26200"
	OSVersion="Windows 10"
	OSPlatform="AMD64"
	Is64Bits="1"
	VendorString="GenuineIntel"
	VendorID="Intel Corporation"
	FamilyID="6"
	ModelID="5"
	ModelName=""
	ProcessorCacheSize="-1"
	NumberOfLogicalCPU="8"
	NumberOfPhysicalCPU="4"
	TotalVirtualMemory="20480"
	TotalPhysicalMemory="16160"
	LogicalProcessorsPerPhysical="2"
	ProcessorClockFrequency="2496.000000"
	>
	<Testing>
		<StartDateTime>Mar 20 13:08 GMT Standard Time</StartDateTime>
		<StartTestTime>1774012096</StartTestTime>
		<TestList/>
		<EndDateTime>Mar 20 13:08 GMT Standard Time</EndDateTime>
		<EndTestTime>1774012096</EndTestTime>
		<ElapsedMinutes>0</ElapsedMinutes>
	</Testing>
</Site>
